# JRE version: OpenJDK Runtime Environment (11.0.8+10) (build 11.0.8+10-b944.6842174)
# Java VM: OpenJDK 64-Bit Server VM (11.0.8+10-b944.6842174, mixed mode, tiered, compressed oops, g1 gc, windows-amd64)
Heap:
 garbage-first heap   total 260096K, used 116182K [0x0000000080000000, 0x0000000100000000)
  region size 1024K, 97 young (99328K), 10 survivors (10240K)
 Metaspace       used 50066K, capacity 51260K, committed 51456K, reserved 1093632K
  class space    used 6385K, capacity 6788K, committed 6912K, reserved 1048576K
GC Heap History (10 events):
Event: 0.935 GC heap before
{Heap before GC invocations=0 (full 0):
 garbage-first heap   total 260096K, used 29696K [0x0000000080000000, 0x0000000100000000)
  region size 1024K, 24 young (24576K), 0 survivors (0K)
 Metaspace       used 10385K, capacity 10640K, committed 11008K, reserved 1058816K
  class space    used 1098K, capacity 1164K, committed 1280K, reserved 1048576K
}
Event: 0.940 GC heap after
{Heap after GC invocations=1 (full 0):
 garbage-first heap   total 260096K, used 8852K [0x0000000080000000, 0x0000000100000000)
  region size 1024K, 3 young (3072K), 3 survivors (3072K)
 Metaspace       used 10385K, capacity 10640K, committed 11008K, reserved 1058816K
  class space    used 1098K, capacity 1164K, committed 1280K, reserved 1048576K
}
Event: 2.810 GC heap before
{Heap before GC invocations=1 (full 0):
 garbage-first heap   total 260096K, used 92820K [0x0000000080000000, 0x0000000100000000)
  region size 1024K, 87 young (89088K), 3 survivors (3072K)
 Metaspace       used 20615K, capacity 21105K, committed 21248K, reserved 1067008K
  class space    used 2532K, capacity 2710K, committed 2816K, reserved 1048576K
}
Event: 2.819 GC heap after
{Heap after GC invocations=2 (full 0):
 garbage-first heap   total 260096K, used 15740K [0x0000000080000000, 0x0000000100000000)
  region size 1024K, 10 young (10240K), 10 survivors (10240K)
 Metaspace       used 20615K, capacity 21105K, committed 21248K, reserved 1067008K
  class space    used 2532K, capacity 2710K, committed 2816K, reserved 1048576K
}
Event: 3.043 GC heap before
{Heap before GC invocations=3 (full 0):
 garbage-first heap   total 260096K, used 36220K [0x0000000080000000, 0x0000000100000000)
  region size 1024K, 30 young (30720K), 10 survivors (10240K)
 Metaspace       used 22508K, capacity 23124K, committed 23424K, reserved 1069056K
  class space    used 2890K, capacity 3108K, committed 3200K, reserved 1048576K
}
Event: 3.049 GC heap after
{Heap after GC invocations=4 (full 0):
 garbage-first heap   total 260096K, used 17269K [0x0000000080000000, 0x0000000100000000)
  region size 1024K, 2 young (2048K), 2 survivors (2048K)
 Metaspace       used 22508K, capacity 23124K, committed 23424K, reserved 1069056K
  class space    used 2890K, capacity 3108K, committed 3200K, reserved 1048576K
}
Event: 4.012 GC heap before
{Heap before GC invocations=4 (full 0):
 garbage-first heap   total 260096K, used 94069K [0x0000000080000000, 0x0000000100000000)
  region size 1024K, 78 young (79872K), 2 survivors (2048K)
 Metaspace       used 35086K, capacity 35769K, committed 35840K, reserved 1081344K
  class space    used 4571K, capacity 4856K, committed 4864K, reserved 1048576K
}
Event: 4.021 GC heap after
{Heap after GC invocations=5 (full 0):
 garbage-first heap   total 260096K, used 21388K [0x0000000080000000, 0x0000000100000000)
  region size 1024K, 6 young (6144K), 6 survivors (6144K)
 Metaspace       used 35086K, capacity 35769K, committed 35840K, reserved 1081344K
  class space    used 4571K, capacity 4856K, committed 4864K, reserved 1048576K
}
Event: 5.029 GC heap before
{Heap before GC invocations=6 (full 0):
 garbage-first heap   total 260096K, used 118668K [0x0000000080000000, 0x0000000100000000)
  region size 1024K, 98 young (100352K), 6 survivors (6144K)
 Metaspace       used 43795K, capacity 44800K, committed 44928K, reserved 1087488K
  class space    used 5631K, capacity 5989K, committed 6016K, reserved 1048576K
}
Event: 5.039 GC heap after
{Heap after GC invocations=7 (full 0):
 garbage-first heap   total 260096K, used 26070K [0x0000000080000000, 0x0000000100000000)
  region size 1024K, 10 young (10240K), 10 survivors (10240K)
 Metaspace       used 43795K, capacity 44800K, committed 44928K, reserved 1087488K
  class space    used 5631K, capacity 5989K, committed 6016K, reserved 1048576K
}

